Arguments: 
  C:\Users\admin\AppData\Local\Volta\tools\image\node\14.15.1\node.exe C:\Users\admin\AppData\Local\Volta\tools\image\yarn\1.22.10\bin\yarn.js add app1.js

PATH: 
  C:\Users\admin\AppData\Local\Volta\tools\image\yarn\1.22.10\bin;C:\Users\admin\AppData\Local\Volta\tools\image\node\14.15.1;D:\software\cmder\vendor\git-for-windows\mingw64\bin;D:\software\cmder\vendor\git-for-windows\usr\bin;C:\Users\admin\bin;C:\Program Files\Volta;C:\Windows\system32;C:\Windows;C:\Windows\System32\Wbem;C:\Windows\System32\WindowsPowerShell\v1.0;C:\Windows\System32\OpenSSH;C:\Program Files (x86)\NVIDIA Corporation\PhysX\Common;C:\Program Files\NVIDIA Corporation\NVIDIA NvDLISR;D:\Git\cmd;C:\Users\admin\Desktop\第二天;C:\Users\admin\AppData\Local\Volta\bin;C:\Users\admin\AppData\Local\Microsoft\WindowsApps;D:\Microsoft VS Code\bin

Yarn version: 
  1.22.10

Node version: 
  14.15.1

Platform: 
  win32 x64

Trace: 
  Error: https://registry.npm.taobao.org/app1.js: Not found
      at Request.params.callback [as _callback] (C:\Users\admin\AppData\Local\Volta\tools\image\yarn\1.22.10\lib\cli.js:66988:18)
      at Request.self.callback (C:\Users\admin\AppData\Local\Volta\tools\image\yarn\1.22.10\lib\cli.js:140662:22)
      at Request.emit (events.js:315:20)
      at Request.<anonymous> (C:\Users\admin\AppData\Local\Volta\tools\image\yarn\1.22.10\lib\cli.js:141634:10)
      at Request.emit (events.js:315:20)
      at IncomingMessage.<anonymous> (C:\Users\admin\AppData\Local\Volta\tools\image\yarn\1.22.10\lib\cli.js:141556:12)
      at Object.onceWrapper (events.js:421:28)
      at IncomingMessage.emit (events.js:327:22)
      at endReadableNT (_stream_readable.js:1327:12)
      at processTicksAndRejections (internal/process/task_queues.js:80:21)

npm manifest: 
  {
    "dependencies": {
      "global.css": "^1.1.0",
      "jquery": "^3.5.1",
      "reset.css": "^2.0.2"
    },
    "name": "mvc-demo",
    "version": "1.0.0",
    "main": "index.js",
    "license": "MIT"
  }

yarn manifest: 
  No manifest

Lockfile: 
  # THIS IS AN AUTOGENERATED FILE. DO NOT EDIT THIS FILE DIRECTLY.
  # yarn lockfile v1
  
  
  global.css@^1.1.0:
    version "1.1.0"
    resolved "https://registry.npm.taobao.org/global.css/download/global.css-1.1.0.tgz#7529933809f854e8b2c79716ce0dcab04c423287"
    integrity sha1-dSmTOAn4VOiyx5cWzg3KsExCMoc=
  
  jquery@^3.5.1:
    version "3.5.1"
    resolved "https://registry.npm.taobao.org/jquery/download/jquery-3.5.1.tgz#d7b4d08e1bfdb86ad2f1a3d039ea17304717abb5"
    integrity sha1-17TQjhv9uGrS8aPQOeoXMEcXq7U=
  
  reset.css@^2.0.2:
    version "2.0.2"
    resolved "https://registry.npm.taobao.org/reset.css/download/reset.css-2.0.2.tgz#9c01309c820b72e8f219ebcc8e1411949604f7d7"
    integrity sha1-nAEwnIILcujyGevMjhQRlJYE99c=
